d:\svn\eleves\kyllian nurit\projets\jeu-societe\jeu-societe\aproject\x64\debug\animatedobject.obj
d:\svn\eleves\kyllian nurit\projets\jeu-societe\jeu-societe\aproject\x64\debug\animationeasing.obj
d:\svn\eleves\kyllian nurit\projets\jeu-societe\jeu-societe\aproject\x64\debug\animationhandler.obj
d:\svn\eleves\kyllian nurit\projets\jeu-societe\jeu-societe\aproject\x64\debug\animator.obj
d:\svn\eleves\kyllian nurit\projets\jeu-societe\jeu-societe\aproject\x64\debug\assetmanager.obj
d:\svn\eleves\kyllian nurit\projets\jeu-societe\jeu-societe\aproject\x64\debug\bezier.obj
d:\svn\eleves\kyllian nurit\projets\jeu-societe\jeu-societe\aproject\x64\debug\camera.obj
d:\svn\eleves\kyllian nurit\projets\jeu-societe\jeu-societe\aproject\x64\debug\controller.obj
d:\svn\eleves\kyllian nurit\projets\jeu-societe\jeu-societe\aproject\x64\debug\dynalist.obj
d:\svn\eleves\kyllian nurit\projets\jeu-societe\jeu-societe\aproject\x64\debug\filetools.obj
d:\svn\eleves\kyllian nurit\projets\jeu-societe\jeu-societe\aproject\x64\debug\graphicaddons.obj
d:\svn\eleves\kyllian nurit\projets\jeu-societe\jeu-societe\aproject\x64\debug\main.obj
d:\svn\eleves\kyllian nurit\projets\jeu-societe\jeu-societe\aproject\x64\debug\math.obj
d:\svn\eleves\kyllian nurit\projets\jeu-societe\jeu-societe\aproject\x64\debug\mathplus.obj
d:\svn\eleves\kyllian nurit\projets\jeu-societe\jeu-societe\aproject\x64\debug\pydict.obj
d:\svn\eleves\kyllian nurit\projets\jeu-societe\jeu-societe\aproject\x64\debug\pylist.obj
d:\svn\eleves\kyllian nurit\projets\jeu-societe\jeu-societe\aproject\x64\debug\random.obj
d:\svn\eleves\kyllian nurit\projets\jeu-societe\jeu-societe\aproject\x64\debug\rockpapersizor.obj
d:\svn\eleves\kyllian nurit\projets\jeu-societe\jeu-societe\aproject\x64\debug\scene.obj
d:\svn\eleves\kyllian nurit\projets\jeu-societe\jeu-societe\aproject\x64\debug\scenehandler.obj
d:\svn\eleves\kyllian nurit\projets\jeu-societe\jeu-societe\aproject\x64\debug\spriteanimated.obj
d:\svn\eleves\kyllian nurit\projets\jeu-societe\jeu-societe\aproject\x64\debug\textureanimated.obj
d:\svn\eleves\kyllian nurit\projets\jeu-societe\jeu-societe\aproject\x64\debug\textureatlas.obj
d:\svn\eleves\kyllian nurit\projets\jeu-societe\jeu-societe\aproject\x64\debug\timer.obj
d:\svn\eleves\kyllian nurit\projets\jeu-societe\jeu-societe\x64\debug\xbplato.exe
